<?xml version="1.0" encoding="UTF-8"?>
<testsuite xmlns:xsi="http://www.w3.org/2001/XMLSchema-instance" xsi:noNamespaceSchemaLocation="https://maven.apache.org/surefire/maven-surefire-plugin/xsd/surefire-test-report-3.0.xsd" version="3.0" name="edu.stanford.nlp.util.concurrent.MulticoreWrapperTest" time="0.231" tests="2" errors="0" skipped="0" failures="0">
  <properties>
[...]
</properties>
  <testcase name="testUnsynchronized" classname="edu.stanford.nlp.util.concurrent.MulticoreWrapperTest" time="0.106">
    <system-err><![CDATA[Result: 4
Result: 12
Result: 15
Result: 18
Result: 19
Result: 1
Result: 3
Result: 9
Result: 11
Result: 20
Result: 21
Result: 23
Result: 24
Result: 26
Result: 27
Result: 31
Result: 32
Result: 0
Result: 2
Result: 5
Result: 6
Result: 7
Result: 8
Result: 10
Result: 13
Result: 14
Result: 16
Result: 17
Result: 22
Result: 25
Result: 35
Result: 36
Result: 37
Result: 38
Result: 39
Result: 40
Result: 46
Result: 55
Result: 56
Result: 57
Result: 28
Result: 29
Result: 30
Result: 33
Result: 34
Result: 41
Result: 65
Result: 43
Result: 45
Result: 47
Result: 50
Result: 51
Result: 54
Result: 58
Result: 67
Result: 69
Result: 71
Result: 72
Result: 73
Result: 74
Result: 76
Result: 77
Result: 78
Result: 79
Result: 81
Result: 84
Result: 64
Result: 68
Result: 70
Result: 82
Result: 83
Result: 85
Result: 86
Result: 42
Result: 44
Result: 48
Result: 49
Result: 52
Result: 53
Result: 59
Result: 60
Result: 61
Result: 62
Result: 63
Result: 88
Result: 89
Result: 90
Result: 95
Result: 96
Result: 97
Result: 102
Result: 103
Result: 106
Result: 108
Result: 110
Result: 113
Result: 66
Result: 75
Result: 80
Result: 117
Result: 87
Result: 91
Result: 92
Result: 93
Result: 94
Result: 98
Result: 99
Result: 100
Result: 101
Result: 104
Result: 105
Result: 107
Result: 109
Result: 111
Result: 112
Result: 114
Result: 115
Result: 118
Result: 119
Result: 122
Result: 124
Result: 128
Result: 129
Result: 132
Result: 125
Result: 127
Result: 136
Result: 139
Result: 130
Result: 131
Result: 133
Result: 134
Result: 135
Result: 137
Result: 143
Result: 144
Result: 146
Result: 147
Result: 148
Result: 116
Result: 120
Result: 150
Result: 152
Result: 153
Result: 156
Result: 157
Result: 158
Result: 159
Result: 160
Result: 161
Result: 164
Result: 167
Result: 169
Result: 172
Result: 138
Result: 140
Result: 141
Result: 142
Result: 145
Result: 121
Result: 123
Result: 126
Result: 179
Result: 149
Result: 151
Result: 154
Result: 155
Result: 162
Result: 163
Result: 165
Result: 166
Result: 168
Result: 170
Result: 171
Result: 173
Result: 174
Result: 177
Result: 182
Result: 187
Result: 189
Result: 195
Result: 197
Result: 191
Result: 199
Result: 203
Result: 204
Result: 192
Result: 194
Result: 196
Result: 200
Result: 205
Result: 175
Result: 176
Result: 178
Result: 180
Result: 181
Result: 183
Result: 184
Result: 190
Result: 208
Result: 211
Result: 213
Result: 215
Result: 216
Result: 193
Result: 198
Result: 201
Result: 202
Result: 206
Result: 207
Result: 209
Result: 210
Result: 212
Result: 214
Result: 217
Result: 218
Result: 219
Result: 220
Result: 221
Result: 222
Result: 223
Result: 185
Result: 186
Result: 188
Result: 226
Result: 227
Result: 228
Result: 232
Result: 237
Result: 238
Result: 243
Result: 245
Result: 246
Result: 248
Result: 235
Result: 236
Result: 240
Result: 242
Result: 244
Result: 251
Result: 252
Result: 253
Result: 255
Result: 260
Result: 261
Result: 224
Result: 265
Result: 225
Result: 229
Result: 230
Result: 231
Result: 233
Result: 234
Result: 239
Result: 241
Result: 247
Result: 249
Result: 250
Result: 268
Result: 269
Result: 271
Result: 278
Result: 281
Result: 259
Result: 283
Result: 258
Result: 256
Result: 263
Result: 257
Result: 262
Result: 264
Result: 266
Result: 267
Result: 270
Result: 272
Result: 273
Result: 274
Result: 275
Result: 276
Result: 277
Result: 279
Result: 280
Result: 282
Result: 254
Result: 288
Result: 289
Result: 291
Result: 293
Result: 295
Result: 298
Result: 299
Result: 302
Result: 304
Result: 312
Result: 284
Result: 285
Result: 286
Result: 287
Result: 290
Result: 292
Result: 294
Result: 296
Result: 297
Result: 300
Result: 301
Result: 303
Result: 305
Result: 306
Result: 307
Result: 308
Result: 309
Result: 310
Result: 311
Result: 313
Result: 315
Result: 317
Result: 320
Result: 322
Result: 323
Result: 325
Result: 328
Result: 329
Result: 334
Result: 337
Result: 338
Result: 340
Result: 314
Result: 321
Result: 324
Result: 326
Result: 327
Result: 330
Result: 331
Result: 332
Result: 333
Result: 335
Result: 336
Result: 339
Result: 341
Result: 342
Result: 343
Result: 344
Result: 345
Result: 316
Result: 318
Result: 319
Result: 348
Result: 353
Result: 358
Result: 359
Result: 365
Result: 370
Result: 371
Result: 346
Result: 347
Result: 349
Result: 351
Result: 352
Result: 354
Result: 355
Result: 361
Result: 366
Result: 368
Result: 374
Result: 378
Result: 384
Result: 350
Result: 356
Result: 357
Result: 360
Result: 362
Result: 363
Result: 364
Result: 367
Result: 369
Result: 372
Result: 373
Result: 375
Result: 377
Result: 380
Result: 381
Result: 383
Result: 389
Result: 390
Result: 391
Result: 399
Result: 401
Result: 403
Result: 376
Result: 379
Result: 382
Result: 386
Result: 388
Result: 393
Result: 396
Result: 397
Result: 402
Result: 406
Result: 412
Result: 413
Result: 416
Result: 418
Result: 387
Result: 385
Result: 392
Result: 394
Result: 395
Result: 398
Result: 400
Result: 404
Result: 405
Result: 407
Result: 408
Result: 409
Result: 410
Result: 411
Result: 415
Result: 417
Result: 421
Result: 426
Result: 427
Result: 431
Result: 436
Result: 439
Result: 440
Result: 414
Result: 419
Result: 420
Result: 422
Result: 423
Result: 424
Result: 425
Result: 428
Result: 429
Result: 430
Result: 432
Result: 433
Result: 434
Result: 435
Result: 437
Result: 438
Result: 441
Result: 442
Result: 443
Result: 444
Result: 452
Result: 458
Result: 461
Result: 464
Result: 468
Result: 469
Result: 448
Result: 449
Result: 450
Result: 459
Result: 460
Result: 463
Result: 470
Result: 471
Result: 472
Result: 475
Result: 477
Result: 479
Result: 467
Result: 454
Result: 455
Result: 457
Result: 453
Result: 451
Result: 462
Result: 465
Result: 456
Result: 466
Result: 445
Result: 446
Result: 447
Result: 485
Result: 486
Result: 487
Result: 489
Result: 490
Result: 496
Result: 498
Result: 501
Result: 503
Result: 473
Result: 474
Result: 481
Result: 482
Result: 505
Result: 506
Result: 508
Result: 476
Result: 478
Result: 480
Result: 513
Result: 514
Result: 483
Result: 484
Result: 488
Result: 491
Result: 492
Result: 493
Result: 494
Result: 495
Result: 497
Result: 499
Result: 500
Result: 502
Result: 504
Result: 507
Result: 509
Result: 511
Result: 520
Result: 522
Result: 524
Result: 526
Result: 528
Result: 515
Result: 538
Result: 539
Result: 512
Result: 516
Result: 517
Result: 518
Result: 519
Result: 521
Result: 523
Result: 525
Result: 527
Result: 529
Result: 530
Result: 531
Result: 532
Result: 533
Result: 534
Result: 535
Result: 536
Result: 537
Result: 540
Result: 510
Result: 544
Result: 547
Result: 548
Result: 551
Result: 553
Result: 559
Result: 561
Result: 563
Result: 565
Result: 566
Result: 570
Result: 571
Result: 549
Result: 552
Result: 554
Result: 556
Result: 557
Result: 562
Result: 564
Result: 569
Result: 572
Result: 542
Result: 573
Result: 577
Result: 578
Result: 580
Result: 581
Result: 575
Result: 584
Result: 587
Result: 589
Result: 590
Result: 592
Result: 576
Result: 583
Result: 588
Result: 593
Result: 594
Result: 541
Result: 543
Result: 545
Result: 546
Result: 550
Result: 555
Result: 558
Result: 560
Result: 567
Result: 568
Result: 574
Result: 596
Result: 602
Result: 603
Result: 612
Result: 579
Result: 582
Result: 585
Result: 586
Result: 591
Result: 597
Result: 601
Result: 604
Result: 606
Result: 608
Result: 609
Result: 613
Result: 615
Result: 616
Result: 621
Result: 624
Result: 626
Result: 628
Result: 631
Result: 632
Result: 633
Result: 595
Result: 598
Result: 599
Result: 600
Result: 605
Result: 607
Result: 610
Result: 611
Result: 635
Result: 636
Result: 637
Result: 639
Result: 645
Result: 625
Result: 648
Result: 629
Result: 630
Result: 650
Result: 651
Result: 653
Result: 641
Result: 643
Result: 647
Result: 655
Result: 614
Result: 617
Result: 618
Result: 619
Result: 620
Result: 622
Result: 623
Result: 627
Result: 634
Result: 657
Result: 659
Result: 661
Result: 666
Result: 640
Result: 642
Result: 644
Result: 646
Result: 638
Result: 676
Result: 649
Result: 652
Result: 654
Result: 662
Result: 667
Result: 670
Result: 678
Result: 679
Result: 680
Result: 682
Result: 685
Result: 656
Result: 658
Result: 660
Result: 663
Result: 664
Result: 665
Result: 668
Result: 669
Result: 671
Result: 672
Result: 674
Result: 689
Result: 693
Result: 694
Result: 695
Result: 697
Result: 702
Result: 704
Result: 705
Result: 706
Result: 673
Result: 675
Result: 677
Result: 681
Result: 683
Result: 684
Result: 686
Result: 687
Result: 688
Result: 690
Result: 691
Result: 692
Result: 696
Result: 698
Result: 699
Result: 700
Result: 701
Result: 703
Result: 714
Result: 721
Result: 722
Result: 723
Result: 725
Result: 729
Result: 732
Result: 709
Result: 718
Result: 719
Result: 728
Result: 730
Result: 734
Result: 737
Result: 738
Result: 739
Result: 741
Result: 742
Result: 744
Result: 745
Result: 746
Result: 747
Result: 708
Result: 710
Result: 711
Result: 712
Result: 713
Result: 715
Result: 716
Result: 717
Result: 707
Result: 720
Result: 724
Result: 726
Result: 727
Result: 731
Result: 733
Result: 736
Result: 740
Result: 743
Result: 751
Result: 753
Result: 760
Result: 769
Result: 762
Result: 763
Result: 767
Result: 770
Result: 774
Result: 768
Result: 772
Result: 735
Result: 748
Result: 749
Result: 752
Result: 759
Result: 779
Result: 781
Result: 771
Result: 773
Result: 775
Result: 750
Result: 754
Result: 755
Result: 756
Result: 757
Result: 758
Result: 761
Result: 764
Result: 765
Result: 766
Result: 786
Result: 788
Result: 791
Result: 792
Result: 794
Result: 796
Result: 800
Result: 776
Result: 778
Result: 806
Result: 777
Result: 780
Result: 782
Result: 783
Result: 784
Result: 787
Result: 789
Result: 793
Result: 797
Result: 798
Result: 799
Result: 801
Result: 803
Result: 805
Result: 808
Result: 809
Result: 810
Result: 811
Result: 812
Result: 814
Result: 818
Result: 820
Result: 821
Result: 822
Result: 824
Result: 826
Result: 833
Result: 785
Result: 790
Result: 795
Result: 802
Result: 804
Result: 807
Result: 813
Result: 815
Result: 823
Result: 825
Result: 827
Result: 831
Result: 840
Result: 843
Result: 846
Result: 848
Result: 828
Result: 832
Result: 816
Result: 817
Result: 819
Result: 829
Result: 830
Result: 857
Result: 858
Result: 859
Result: 834
Result: 835
Result: 838
Result: 847
Result: 850
Result: 836
Result: 837
Result: 862
Result: 865
Result: 868
Result: 842
Result: 839
Result: 841
Result: 844
Result: 845
Result: 849
Result: 851
Result: 853
Result: 854
Result: 856
Result: 872
Result: 873
Result: 874
Result: 875
Result: 880
Result: 881
Result: 886
Result: 863
Result: 864
Result: 869
Result: 852
Result: 855
Result: 866
Result: 867
Result: 870
Result: 889
Result: 896
Result: 860
Result: 894
Result: 897
Result: 898
Result: 901
Result: 900
Result: 902
Result: 903
Result: 861
Result: 871
Result: 876
Result: 877
Result: 878
Result: 879
Result: 882
Result: 883
Result: 884
Result: 885
Result: 887
Result: 888
Result: 890
Result: 891
Result: 892
Result: 893
Result: 904
Result: 910
Result: 914
Result: 922
Result: 899
Result: 926
Result: 895
Result: 928
Result: 905
Result: 907
Result: 911
Result: 913
Result: 915
Result: 917
Result: 919
Result: 921
Result: 923
Result: 927
Result: 930
Result: 931
Result: 934
Result: 936
Result: 937
Result: 939
Result: 943
Result: 906
Result: 908
Result: 909
Result: 912
Result: 916
Result: 918
Result: 920
Result: 924
Result: 925
Result: 929
Result: 947
Result: 948
Result: 951
Result: 953
Result: 956
Result: 958
Result: 962
Result: 963
Result: 944
Result: 965
Result: 960
Result: 961
Result: 964
Result: 966
Result: 932
Result: 933
Result: 935
Result: 938
Result: 940
Result: 941
Result: 942
Result: 945
Result: 946
Result: 949
Result: 950
Result: 952
Result: 954
Result: 955
Result: 957
Result: 959
Result: 970
Result: 971
Result: 974
Result: 976
Result: 977
Result: 980
Result: 982
Result: 986
Result: 987
Result: 991
Result: 993
Result: 994
Result: 968
Result: 972
Result: 975
Result: 978
Result: 981
Result: 983
Result: 984
Result: 990
Result: 992
Result: 995
Result: 997
Result: 999
Result2: 967
Result2: 969
Result2: 973
Result2: 979
Result2: 985
Result2: 988
Result2: 989
Result2: 996
Result2: 998
]]></system-err>
  </testcase>
  <testcase name="testSynchronization" classname="edu.stanford.nlp.util.concurrent.MulticoreWrapperTest" time="0.124">
    <system-err><![CDATA[Result: 0
Result: 1
Result: 2
Result: 3
Result: 4
Result: 5
Result: 6
Result: 7
Result: 8
Result: 9
Result: 10
Result: 11
Result: 12
Result: 13
Result: 14
Result: 15
Result: 16
Result: 17
Result: 18
Result: 19
Result: 20
Result: 21
Result: 22
Result: 23
Result: 24
Result: 25
Result: 26
Result: 27
Result: 28
Result: 29
Result: 30
Result: 31
Result: 32
Result: 33
Result: 34
Result: 35
Result: 36
Result: 37
Result: 38
Result: 39
Result: 40
Result: 41
Result: 42
Result: 43
Result: 44
Result: 45
Result: 46
Result: 47
Result: 48
Result: 49
Result: 50
Result: 51
Result: 52
Result: 53
Result: 54
Result: 55
Result: 56
Result: 57
Result: 58
Result: 59
Result: 60
Result: 61
Result: 62
Result: 63
Result: 64
Result: 65
Result: 66
Result: 67
Result: 68
Result: 69
Result: 70
Result: 71
Result: 72
Result: 73
Result: 74
Result: 75
Result: 76
Result: 77
Result: 78
Result: 79
Result: 80
Result: 81
Result: 82
Result: 83
Result: 84
Result: 85
Result: 86
Result: 87
Result: 88
Result: 89
Result: 90
Result: 91
Result: 92
Result: 93
Result: 94
Result: 95
Result: 96
Result: 97
Result: 98
Result: 99
Result: 100
Result: 101
Result: 102
Result: 103
Result: 104
Result: 105
Result: 106
Result: 107
Result: 108
Result: 109
Result: 110
Result: 111
Result: 112
Result: 113
Result: 114
Result: 115
Result: 116
Result: 117
Result: 118
Result: 119
Result: 120
Result: 121
Result: 122
Result: 123
Result: 124
Result: 125
Result: 126
Result: 127
Result: 128
Result: 129
Result: 130
Result: 131
Result: 132
Result: 133
Result: 134
Result: 135
Result: 136
Result: 137
Result: 138
Result: 139
Result: 140
Result: 141
Result: 142
Result: 143
Result: 144
Result: 145
Result: 146
Result: 147
Result: 148
Result: 149
Result: 150
Result: 151
Result: 152
Result: 153
Result: 154
Result: 155
Result: 156
Result: 157
Result: 158
Result: 159
Result: 160
Result: 161
Result: 162
Result: 163
Result: 164
Result: 165
Result: 166
Result: 167
Result: 168
Result: 169
Result: 170
Result: 171
Result: 172
Result: 173
Result: 174
Result: 175
Result: 176
Result: 177
Result: 178
Result: 179
Result: 180
Result: 181
Result: 182
Result: 183
Result: 184
Result: 185
Result: 186
Result: 187
Result: 188
Result: 189
Result: 190
Result: 191
Result: 192
Result: 193
Result: 194
Result: 195
Result: 196
Result: 197
Result: 198
Result: 199
Result: 200
Result: 201
Result: 202
Result: 203
Result: 204
Result: 205
Result: 206
Result: 207
Result: 208
Result: 209
Result: 210
Result: 211
Result: 212
Result: 213
Result: 214
Result: 215
Result: 216
Result: 217
Result: 218
Result: 219
Result: 220
Result: 221
Result: 222
Result: 223
Result: 224
Result: 225
Result: 226
Result: 227
Result: 228
Result: 229
Result: 230
Result: 231
Result: 232
Result: 233
Result: 234
Result: 235
Result: 236
Result: 237
Result: 238
Result: 239
Result: 240
Result: 241
Result: 242
Result: 243
Result: 244
Result: 245
Result: 246
Result: 247
Result: 248
Result: 249
Result: 250
Result: 251
Result: 252
Result: 253
Result: 254
Result: 255
Result: 256
Result: 257
Result: 258
Result: 259
Result: 260
Result: 261
Result: 262
Result: 263
Result: 264
Result: 265
Result: 266
Result: 267
Result: 268
Result: 269
Result: 270
Result: 271
Result: 272
Result: 273
Result: 274
Result: 275
Result: 276
Result: 277
Result: 278
Result: 279
Result: 280
Result: 281
Result: 282
Result: 283
Result: 284
Result: 285
Result: 286
Result: 287
Result: 288
Result: 289
Result: 290
Result: 291
Result: 292
Result: 293
Result: 294
Result: 295
Result: 296
Result: 297
Result: 298
Result: 299
Result: 300
Result: 301
Result: 302
Result: 303
Result: 304
Result: 305
Result: 306
Result: 307
Result: 308
Result: 309
Result: 310
Result: 311
Result: 312
Result: 313
Result: 314
Result: 315
Result: 316
Result: 317
Result: 318
Result: 319
Result: 320
Result: 321
Result: 322
Result: 323
Result: 324
Result: 325
Result: 326
Result: 327
Result: 328
Result: 329
Result: 330
Result: 331
Result: 332
Result: 333
Result: 334
Result: 335
Result: 336
Result: 337
Result: 338
Result: 339
Result: 340
Result: 341
Result: 342
Result: 343
Result: 344
Result: 345
Result: 346
Result: 347
Result: 348
Result: 349
Result: 350
Result: 351
Result: 352
Result: 353
Result: 354
Result: 355
Result: 356
Result: 357
Result: 358
Result: 359
Result: 360
Result: 361
Result: 362
Result: 363
Result: 364
Result: 365
Result: 366
Result: 367
Result: 368
Result: 369
Result: 370
Result: 371
Result: 372
Result: 373
Result: 374
Result: 375
Result: 376
Result: 377
Result: 378
Result: 379
Result: 380
Result: 381
Result: 382
Result: 383
Result: 384
Result: 385
Result: 386
Result: 387
Result: 388
Result: 389
Result: 390
Result: 391
Result: 392
Result: 393
Result: 394
Result: 395
Result: 396
Result: 397
Result: 398
Result: 399
Result: 400
Result: 401
Result: 402
Result: 403
Result: 404
Result: 405
Result: 406
Result: 407
Result: 408
Result: 409
Result: 410
Result: 411
Result: 412
Result: 413
Result: 414
Result: 415
Result: 416
Result: 417
Result: 418
Result: 419
Result: 420
Result: 421
Result: 422
Result: 423
Result: 424
Result: 425
Result: 426
Result: 427
Result: 428
Result: 429
Result: 430
Result: 431
Result: 432
Result: 433
Result: 434
Result: 435
Result: 436
Result: 437
Result: 438
Result: 439
Result: 440
Result: 441
Result: 442
Result: 443
Result: 444
Result: 445
Result: 446
Result: 447
Result: 448
Result: 449
Result: 450
Result: 451
Result: 452
Result: 453
Result: 454
Result: 455
Result: 456
Result: 457
Result: 458
Result: 459
Result: 460
Result: 461
Result: 462
Result: 463
Result: 464
Result: 465
Result: 466
Result: 467
Result: 468
Result: 469
Result: 470
Result: 471
Result: 472
Result: 473
Result: 474
Result: 475
Result: 476
Result: 477
Result: 478
Result: 479
Result: 480
Result: 481
Result: 482
Result: 483
Result: 484
Result: 485
Result: 486
Result: 487
Result: 488
Result: 489
Result: 490
Result: 491
Result: 492
Result: 493
Result: 494
Result: 495
Result: 496
Result: 497
Result: 498
Result: 499
Result: 500
Result: 501
Result: 502
Result: 503
Result: 504
Result: 505
Result: 506
Result: 507
Result: 508
Result: 509
Result: 510
Result: 511
Result: 512
Result: 513
Result: 514
Result: 515
Result: 516
Result: 517
Result: 518
Result: 519
Result: 520
Result: 521
Result: 522
Result: 523
Result: 524
Result: 525
Result: 526
Result: 527
Result: 528
Result: 529
Result: 530
Result: 531
Result: 532
Result: 533
Result: 534
Result: 535
Result: 536
Result: 537
Result: 538
Result: 539
Result: 540
Result: 541
Result: 542
Result: 543
Result: 544
Result: 545
Result: 546
Result: 547
Result: 548
Result: 549
Result: 550
Result: 551
Result: 552
Result: 553
Result: 554
Result: 555
Result: 556
Result: 557
Result: 558
Result: 559
Result: 560
Result: 561
Result: 562
Result: 563
Result: 564
Result: 565
Result: 566
Result: 567
Result: 568
Result: 569
Result: 570
Result: 571
Result: 572
Result: 573
Result: 574
Result: 575
Result: 576
Result: 577
Result: 578
Result: 579
Result: 580
Result: 581
Result: 582
Result: 583
Result: 584
Result: 585
Result: 586
Result: 587
Result: 588
Result: 589
Result: 590
Result: 591
Result: 592
Result: 593
Result: 594
Result: 595
Result: 596
Result: 597
Result: 598
Result: 599
Result: 600
Result: 601
Result: 602
Result: 603
Result: 604
Result: 605
Result: 606
Result: 607
Result: 608
Result: 609
Result: 610
Result: 611
Result: 612
Result: 613
Result: 614
Result: 615
Result: 616
Result: 617
Result: 618
Result: 619
Result: 620
Result: 621
Result: 622
Result: 623
Result: 624
Result: 625
Result: 626
Result: 627
Result: 628
Result: 629
Result: 630
Result: 631
Result: 632
Result: 633
Result: 634
Result: 635
Result: 636
Result: 637
Result: 638
Result: 639
Result: 640
Result: 641
Result: 642
Result: 643
Result: 644
Result: 645
Result: 646
Result: 647
Result: 648
Result: 649
Result: 650
Result: 651
Result: 652
Result: 653
Result: 654
Result: 655
Result: 656
Result: 657
Result: 658
Result: 659
Result: 660
Result: 661
Result: 662
Result: 663
Result: 664
Result: 665
Result: 666
Result: 667
Result: 668
Result: 669
Result: 670
Result: 671
Result: 672
Result: 673
Result: 674
Result: 675
Result: 676
Result: 677
Result: 678
Result: 679
Result: 680
Result: 681
Result: 682
Result: 683
Result: 684
Result: 685
Result: 686
Result: 687
Result: 688
Result: 689
Result: 690
Result: 691
Result: 692
Result: 693
Result: 694
Result: 695
Result: 696
Result: 697
Result: 698
Result: 699
Result: 700
Result: 701
Result: 702
Result: 703
Result: 704
Result: 705
Result: 706
Result: 707
Result: 708
Result: 709
Result: 710
Result: 711
Result: 712
Result: 713
Result: 714
Result: 715
Result: 716
Result: 717
Result: 718
Result: 719
Result: 720
Result: 721
Result: 722
Result: 723
Result: 724
Result: 725
Result: 726
Result: 727
Result: 728
Result: 729
Result: 730
Result: 731
Result: 732
Result: 733
Result: 734
Result: 735
Result: 736
Result: 737
Result: 738
Result: 739
Result: 740
Result: 741
Result: 742
Result: 743
Result: 744
Result: 745
Result: 746
Result: 747
Result: 748
Result: 749
Result: 750
Result: 751
Result: 752
Result: 753
Result: 754
Result: 755
Result: 756
Result: 757
Result: 758
Result: 759
Result: 760
Result: 761
Result: 762
Result: 763
Result: 764
Result: 765
Result: 766
Result: 767
Result: 768
Result: 769
Result: 770
Result: 771
Result: 772
Result: 773
Result: 774
Result: 775
Result: 776
Result: 777
Result: 778
Result: 779
Result: 780
Result: 781
Result: 782
Result: 783
Result: 784
Result: 785
Result: 786
Result: 787
Result: 788
Result: 789
Result: 790
Result: 791
Result: 792
Result: 793
Result: 794
Result: 795
Result: 796
Result: 797
Result: 798
Result: 799
Result: 800
Result: 801
Result: 802
Result: 803
Result: 804
Result: 805
Result: 806
Result: 807
Result: 808
Result: 809
Result: 810
Result: 811
Result: 812
Result: 813
Result: 814
Result: 815
Result: 816
Result: 817
Result: 818
Result: 819
Result: 820
Result: 821
Result: 822
Result: 823
Result: 824
Result: 825
Result: 826
Result: 827
Result: 828
Result: 829
Result: 830
Result: 831
Result: 832
Result: 833
Result: 834
Result: 835
Result: 836
Result: 837
Result: 838
Result: 839
Result: 840
Result: 841
Result: 842
Result: 843
Result: 844
Result: 845
Result: 846
Result: 847
Result: 848
Result: 849
Result: 850
Result: 851
Result: 852
Result: 853
Result: 854
Result: 855
Result: 856
Result: 857
Result: 858
Result: 859
Result: 860
Result: 861
Result: 862
Result: 863
Result: 864
Result: 865
Result: 866
Result: 867
Result: 868
Result: 869
Result: 870
Result: 871
Result: 872
Result: 873
Result: 874
Result: 875
Result: 876
Result: 877
Result: 878
Result: 879
Result: 880
Result: 881
Result: 882
Result: 883
Result: 884
Result: 885
Result: 886
Result: 887
Result: 888
Result: 889
Result: 890
Result: 891
Result: 892
Result: 893
Result: 894
Result: 895
Result: 896
Result: 897
Result: 898
Result: 899
Result: 900
Result: 901
Result: 902
Result: 903
Result: 904
Result: 905
Result: 906
Result: 907
Result: 908
Result: 909
Result: 910
Result: 911
Result: 912
Result: 913
Result: 914
Result: 915
Result: 916
Result: 917
Result: 918
Result: 919
Result: 920
Result: 921
Result: 922
Result: 923
Result: 924
Result: 925
Result: 926
Result: 927
Result: 928
Result: 929
Result: 930
Result: 931
Result: 932
Result: 933
Result: 934
Result: 935
Result: 936
Result: 937
Result: 938
Result: 939
Result: 940
Result: 941
Result: 942
Result: 943
Result: 944
Result: 945
Result: 946
Result: 947
Result: 948
Result: 949
Result: 950
Result: 951
Result: 952
Result: 953
Result: 954
Result: 955
Result: 956
Result: 957
Result: 958
Result: 959
Result: 960
Result: 961
Result: 962
Result: 963
Result: 964
Result: 965
Result: 966
Result: 967
Result: 968
Result2: 969
Result2: 970
Result2: 971
Result2: 972
Result2: 973
Result2: 974
Result2: 975
Result2: 976
Result2: 977
Result2: 978
Result2: 979
Result2: 980
Result2: 981
Result2: 982
Result2: 983
Result2: 984
Result2: 985
Result2: 986
Result2: 987
Result2: 988
Result2: 989
Result2: 990
Result2: 991
Result2: 992
Result2: 993
Result2: 994
Result2: 995
Result2: 996
Result2: 997
Result2: 998
Result2: 999
]]></system-err>
  </testcase>
</testsuite>